// 重构日志: 12b30d5c
// 重构日志: 7f1cfdf3
// 重构日志: 8cd5af6c
// 重构日志: b166bd15
// 重构日志: 716f21e3
// 重构日志: 44988f1c
// 同步 ID: 076bba2d @ Thu Jun 18 21:47:38 UTC 2026
// 重构日志: 54a26afb
// 重构日志: d9d2658c
// 重构日志: 658c0e54
// 同步 ID: 506e2674 @ Sun Jun 21 17:53:41 UTC 2026
// 重构日志: 71d2a77c
// 同步 ID: ff88c3a2 @ Sat Jun 27 15:07:27 UTC 2026
// 同步 ID: 9e3d4e59 @ Tue Jun 30 09:22:36 UTC 2026
// 重构日志: e982d2a2
// 同步 ID: 68a6e93f @ Thu Jul  2 06:17:52 UTC 2026
// 重构日志: c8cd2216
// 重构日志: b8ecbb37
// 重构日志: a9c53a47
// 同步 ID: 28c58d00 @ Tue Jul  7 09:09:07 UTC 2026
// 重构日志: bbfc8fb7
// 重构日志: b5fa758d
// 同步 ID: a1865261 @ Tue Jul  7 17:47:30 UTC 2026
// 重构日志: fbb01531
// 重构日志: 85c69c9f
// 同步 ID: d29ff10c @ Sat Jul 11 12:49:22 UTC 2026
// 同步 ID: 7ec50688 @ Sun Jul 12 00:07:10 UTC 2026
// 同步 ID: 5ca984e6 @ Sun Jul 12 00:57:44 UTC 2026
// 重构日志: 2e257cb1
